2023-05-16 20:05:427 INFO  HomePage :104 - Select Electronics menu : [[ChromeDriver: chrome on WINDOWS (a747367092f12c56239e2b916d4628ce)] -> xpath: //ul[@class='top-menu notmobile']//a[normalize-space()='Electronics']]
2023-05-16 20:05:623 INFO  HomePage :113 - Select mobile phone menu : [[ChromeDriver: chrome on WINDOWS (a747367092f12c56239e2b916d4628ce)] -> xpath: //ul[@class='top-menu notmobile']//a[normalize-space()='Cell phones']]
2023-05-16 20:05:777 INFO  CellPhonePage :60 - Get Cell Phone Text : [[ChromeDriver: chrome on WINDOWS (a747367092f12c56239e2b916d4628ce)] -> xpath: //h1[normalize-space()='Cell phones']]
2023-05-16 20:05:831 INFO  CellPhonePage :68 - Click on List View Icon  : [[ChromeDriver: chrome on WINDOWS (a747367092f12c56239e2b916d4628ce)] -> xpath: //a[normalize-space()='List']]
2023-05-16 20:05:939 INFO  CellPhonePage :80 - Click on Phone option  : 
2023-05-16 20:05:963 INFO  CellPhonePage :92 - Get Product name Text  : [[ChromeDriver: chrome on WINDOWS (a747367092f12c56239e2b916d4628ce)] -> xpath: //h1[normalize-space()='Nokia Lumia 1020']]
2023-05-16 20:05:12 INFO  CellPhonePage :104 - Get Price Text  : [[ChromeDriver: chrome on WINDOWS (a747367092f12c56239e2b916d4628ce)] -> xpath: //div[@class='product-price']//span[normalize-space()='$349.00']]
2023-05-16 20:05:56 INFO  CellPhonePage :116 - Update the order qty.  : [[ChromeDriver: chrome on WINDOWS (a747367092f12c56239e2b916d4628ce)] -> xpath: //input[@id='product_enteredQuantity_20']]
2023-05-16 20:05:267 INFO  CellPhonePage :128 - Click on add to cart button  : [[ChromeDriver: chrome on WINDOWS (a747367092f12c56239e2b916d4628ce)] -> xpath: //button[@id='add-to-cart-button-20']]
2023-05-16 20:05:361 INFO  CellPhonePage :140 - Verify product added successfully in shopping cart  : [[ChromeDriver: chrome on WINDOWS (a747367092f12c56239e2b916d4628ce)] -> xpath: //div[@id='bar-notification']]
2023-05-16 20:05:396 INFO  CellPhonePage :162 - Close the notification bar  : [[ChromeDriver: chrome on WINDOWS (a747367092f12c56239e2b916d4628ce)] -> xpath: //body/div[@id='bar-notification']/div[1]/span[1]]
2023-05-16 20:05:474 INFO  ShoppingCartPage :123 - Click on shopping cart button : [[ChromeDriver: chrome on WINDOWS (a747367092f12c56239e2b916d4628ce)] -> xpath: //span[@class='cart-label']]
2023-05-16 20:05:623 INFO  ShoppingCartPage :134 - Click on got to cart button : [[ChromeDriver: chrome on WINDOWS (a747367092f12c56239e2b916d4628ce)] -> xpath: //button[normalize-space()='Go to cart']]
2023-05-16 20:05:144 INFO  ShoppingCartPage :54 - Verify shopping cart message : [[ChromeDriver: chrome on WINDOWS (a747367092f12c56239e2b916d4628ce)] -> xpath: //h1[normalize-space()='Shopping cart']]
2023-05-16 20:05:842 INFO  BuildYourOwnComputerPage :194 - Mousehover on shopping cart and click : [[ChromeDriver: chrome on WINDOWS (a747367092f12c56239e2b916d4628ce)] -> xpath: //button[normalize-space()='Go to cart']]
2023-05-16 20:05:871 INFO  ShoppingCartPage :54 - Verify shopping cart message : [[ChromeDriver: chrome on WINDOWS (a747367092f12c56239e2b916d4628ce)] -> xpath: //h1[normalize-space()='Shopping cart']]
2023-05-16 20:05:907 INFO  ShoppingCartPage :146 - Verify order qty. : [[ChromeDriver: chrome on WINDOWS (a747367092f12c56239e2b916d4628ce)] -> xpath: //button[normalize-space()='Go to cart']]
2023-05-16 20:05:981 INFO  ShoppingCartPage :66 - Verify price : [[ChromeDriver: chrome on WINDOWS (a747367092f12c56239e2b916d4628ce)] -> xpath: //span[@class='value-summary']//strong]
2023-05-16 20:05:29 INFO  ShoppingCartPage :101 - Click on terms and condition : [[ChromeDriver: chrome on WINDOWS (a747367092f12c56239e2b916d4628ce)] -> xpath: //input[@id='termsofservice']]
2023-05-16 20:05:134 INFO  ShoppingCartPage :112 - Click on checkout button : [[ChromeDriver: chrome on WINDOWS (a747367092f12c56239e2b916d4628ce)] -> xpath: //button[@id='checkout']]
2023-05-16 20:05:733 INFO  LoginPage :42 - Verify welcome message : [[ChromeDriver: chrome on WINDOWS (a747367092f12c56239e2b916d4628ce)] -> xpath: //h1[contains(text(),'Welcome, Please Sign In!')]]
2023-05-16 20:05:766 INFO  HomePage :121 - Click on register button : [[ChromeDriver: chrome on WINDOWS (a747367092f12c56239e2b916d4628ce)] -> xpath: //button[@class='button-1 register-button']]
2023-05-16 20:05:157 INFO  RegisterPage :47 - Enter First name : [[ChromeDriver: chrome on WINDOWS (a747367092f12c56239e2b916d4628ce)] -> xpath: //input[@id='FirstName']]
2023-05-16 20:05:251 INFO  RegisterPage :59 - Enter Last name : [[ChromeDriver: chrome on WINDOWS (a747367092f12c56239e2b916d4628ce)] -> xpath: //input[@id='LastName']]
2023-05-16 20:05:356 INFO  RegisterPage :71 - Enter email address : [[ChromeDriver: chrome on WINDOWS (a747367092f12c56239e2b916d4628ce)] -> xpath: //input[@id='Email']]
2023-05-16 20:05:522 INFO  RegisterPage :83 - Enter password : [[ChromeDriver: chrome on WINDOWS (a747367092f12c56239e2b916d4628ce)] -> xpath: //input[@id='Password']]
2023-05-16 20:05:618 INFO  RegisterPage :95 - Enter confirm password : [[ChromeDriver: chrome on WINDOWS (a747367092f12c56239e2b916d4628ce)] -> xpath: //input[@id='ConfirmPassword']]
2023-05-16 20:05:718 INFO  RegisterPage :106 - Click on registration button : [[ChromeDriver: chrome on WINDOWS (a747367092f12c56239e2b916d4628ce)] -> xpath: //button[@id='register-button']]
2023-05-16 20:05:396 INFO  RegisterPage :118 - Verify registration complete message : [[ChromeDriver: chrome on WINDOWS (a747367092f12c56239e2b916d4628ce)] -> xpath: //div[@class='result']]
2023-05-16 20:05:306 INFO  HomePage :49 - Click on computer menu : [[ChromeDriver: chrome on WINDOWS (abed0cfe7a52850a4770d420d31a1cd2)] -> xpath: //ul[@class='top-menu notmobile']//a[normalize-space()='Computers']]
2023-05-16 20:05:872 INFO  ComputerPage :54 - Select shopping option : [[ChromeDriver: chrome on WINDOWS (abed0cfe7a52850a4770d420d31a1cd2)] -> xpath: //select[@id='products-orderby']]
2023-05-16 20:05:39 INFO  ComputerPage :67 - Click on add to cart by product name : 
2023-05-16 20:05:161 INFO  BuildYourOwnComputerPage :63 - Get text Build your own computer Tex : [[ChromeDriver: chrome on WINDOWS (abed0cfe7a52850a4770d420d31a1cd2)] -> xpath: //h1[normalize-space()='Build your own computer']]
2023-05-16 20:05:324 INFO  BuildYourOwnComputerPage :76 - Select processor : [[ChromeDriver: chrome on WINDOWS (abed0cfe7a52850a4770d420d31a1cd2)] -> xpath: //select[@id='product_attribute_1']]
2023-05-16 20:05:589 INFO  BuildYourOwnComputerPage :88 - Select processor : [[ChromeDriver: chrome on WINDOWS (abed0cfe7a52850a4770d420d31a1cd2)] -> xpath: //select[@id='product_attribute_1']]
2023-05-16 20:05:720 INFO  BuildYourOwnComputerPage :101 - Select HDD : 
2023-05-16 20:05:916 INFO  BuildYourOwnComputerPage :113 - Select Os : 
2023-05-16 20:05:230 INFO  BuildYourOwnComputerPage :124 - Select HDD : [[ChromeDriver: chrome on WINDOWS (abed0cfe7a52850a4770d420d31a1cd2)] -> xpath: //input[@id='product_attribute_5_10']]
2023-05-16 20:05:361 INFO  BuildYourOwnComputerPage :135 - Select Commander Option : [[ChromeDriver: chrome on WINDOWS (abed0cfe7a52850a4770d420d31a1cd2)] -> xpath: //input[@id='product_attribute_5_12']]
2023-05-16 20:05:393 INFO  BuildYourOwnComputerPage :146 - Verify total price : [[ChromeDriver: chrome on WINDOWS (abed0cfe7a52850a4770d420d31a1cd2)] -> xpath: //div[@class='product-price']//span]
2023-05-16 20:05:486 INFO  BuildYourOwnComputerPage :159 - Click on add to Cart button  : [[ChromeDriver: chrome on WINDOWS (abed0cfe7a52850a4770d420d31a1cd2)] -> xpath: //button[@id='add-to-cart-button-1']]
2023-05-16 20:05:518 INFO  BuildYourOwnComputerPage :170 - Get Successfully added to cart Text  : [[ChromeDriver: chrome on WINDOWS (abed0cfe7a52850a4770d420d31a1cd2)] -> xpath: //div[@id='bar-notification']]
2023-05-16 20:05:612 INFO  BuildYourOwnComputerPage :182 - Close notification bar  : [[ChromeDriver: chrome on WINDOWS (abed0cfe7a52850a4770d420d31a1cd2)] -> xpath: //span[@title='Close']]
2023-05-16 20:05:296 INFO  BuildYourOwnComputerPage :194 - Mousehover on shopping cart and click : [[ChromeDriver: chrome on WINDOWS (abed0cfe7a52850a4770d420d31a1cd2)] -> xpath: //button[normalize-space()='Go to cart']]
2023-05-16 20:05:324 INFO  ShoppingCartPage :54 - Verify shopping cart message : [[ChromeDriver: chrome on WINDOWS (abed0cfe7a52850a4770d420d31a1cd2)] -> xpath: //h1[normalize-space()='Shopping cart']]
2023-05-16 20:05:520 INFO  ShoppingCartPage :80 - Update order qty.: [[ChromeDriver: chrome on WINDOWS (abed0cfe7a52850a4770d420d31a1cd2)] -> xpath: //input[contains(@id,'itemquantity')]]
2023-05-16 20:05:544 INFO  ShoppingCartPage :90 - Click on update shopping cart button : [[ChromeDriver: chrome on WINDOWS (abed0cfe7a52850a4770d420d31a1cd2)] -> xpath: //button[@id='updatecart']]
2023-05-16 20:05:56 INFO  ShoppingCartPage :66 - Verify price : [[ChromeDriver: chrome on WINDOWS (abed0cfe7a52850a4770d420d31a1cd2)] -> xpath: //span[@class='value-summary']//strong]
2023-05-16 20:05:96 INFO  ShoppingCartPage :101 - Click on terms and condition : [[ChromeDriver: chrome on WINDOWS (abed0cfe7a52850a4770d420d31a1cd2)] -> xpath: //input[@id='termsofservice']]
2023-05-16 20:05:174 INFO  ShoppingCartPage :112 - Click on checkout button : [[ChromeDriver: chrome on WINDOWS (abed0cfe7a52850a4770d420d31a1cd2)] -> xpath: //button[@id='checkout']]
2023-05-16 20:05:776 INFO  LoginPage :42 - Verify welcome message : [[ChromeDriver: chrome on WINDOWS (abed0cfe7a52850a4770d420d31a1cd2)] -> xpath: //h1[contains(text(),'Welcome, Please Sign In!')]]
2023-05-16 20:05:809 INFO  LoginPage :50 - Click on guest checkout button : [[ChromeDriver: chrome on WINDOWS (abed0cfe7a52850a4770d420d31a1cd2)] -> xpath: //button[normalize-space()='Checkout as Guest']]
2023-05-16 20:05:526 INFO  CheckOutPage :102 - Enter First name  : [[ChromeDriver: chrome on WINDOWS (abed0cfe7a52850a4770d420d31a1cd2)] -> xpath: //input[@id='BillingNewAddress_FirstName']]
2023-05-16 20:05:619 INFO  CheckOutPage :114 - Enter last name  : [[ChromeDriver: chrome on WINDOWS (abed0cfe7a52850a4770d420d31a1cd2)] -> xpath: //input[@id='BillingNewAddress_LastName']]
2023-05-16 20:05:726 INFO  CheckOutPage :126 - Enter email name  : [[ChromeDriver: chrome on WINDOWS (abed0cfe7a52850a4770d420d31a1cd2)] -> xpath: //input[@id='BillingNewAddress_Email']]
2023-05-16 20:05:844 INFO  CheckOutPage :138 - Enter country name  : [[ChromeDriver: chrome on WINDOWS (abed0cfe7a52850a4770d420d31a1cd2)] -> xpath: //select[@id='BillingNewAddress_CountryId']]
2023-05-16 20:05:955 INFO  CheckOutPage :150 - Enter city name  : [[ChromeDriver: chrome on WINDOWS (abed0cfe7a52850a4770d420d31a1cd2)] -> xpath: //input[@id='BillingNewAddress_City']]
2023-05-16 20:05:56 INFO  CheckOutPage :162 - Enter address 1  : [[ChromeDriver: chrome on WINDOWS (abed0cfe7a52850a4770d420d31a1cd2)] -> xpath: //input[@id='BillingNewAddress_Address1']]
2023-05-16 20:05:174 INFO  CheckOutPage :174 - Enter zipcode : [[ChromeDriver: chrome on WINDOWS (abed0cfe7a52850a4770d420d31a1cd2)] -> xpath: //input[@id='BillingNewAddress_ZipPostalCode']]
2023-05-16 20:05:288 INFO  CheckOutPage :186 - Enter phone number : [[ChromeDriver: chrome on WINDOWS (abed0cfe7a52850a4770d420d31a1cd2)] -> xpath: //input[@id='BillingNewAddress_PhoneNumber']]
2023-05-16 20:05:407 INFO  CheckOutPage :197 - Click on continue button : [[ChromeDriver: chrome on WINDOWS (abed0cfe7a52850a4770d420d31a1cd2)] -> xpath: //button[@onclick='Billing.save()']]
2023-05-16 20:05:478 INFO  CheckOutPage :208 - Click next day air service : [[ChromeDriver: chrome on WINDOWS (abed0cfe7a52850a4770d420d31a1cd2)] -> xpath: //input[@id='shippingoption_1']]
2023-05-16 20:05:556 INFO  CheckOutPage :219 - Click on continue button : [[ChromeDriver: chrome on WINDOWS (abed0cfe7a52850a4770d420d31a1cd2)] -> xpath: //button[@class='button-1 shipping-method-next-step-button']]
2023-05-16 20:05:631 INFO  CheckOutPage :230 - Click on credit card payment option: [[ChromeDriver: chrome on WINDOWS (abed0cfe7a52850a4770d420d31a1cd2)] -> xpath: //input[@id='paymentmethod_1']]
2023-05-16 20:05:716 INFO  CheckOutPage :241 - Click on continue button : [[ChromeDriver: chrome on WINDOWS (abed0cfe7a52850a4770d420d31a1cd2)] -> xpath: //button[@class='button-1 payment-method-next-step-button']]
2023-05-16 20:05:790 INFO  CheckOutPage :219 - Click on continue button : [[ChromeDriver: chrome on WINDOWS (abed0cfe7a52850a4770d420d31a1cd2)] -> xpath: //button[@class='button-1 shipping-method-next-step-button']]
2023-05-16 20:05:844 INFO  HomePage :104 - Select Electronics menu : [[ChromeDriver: chrome on WINDOWS (745592d7c716549a526451d959fcfcfe)] -> xpath: //ul[@class='top-menu notmobile']//a[normalize-space()='Electronics']]
2023-05-16 20:05:35 INFO  HomePage :113 - Select mobile phone menu : [[ChromeDriver: chrome on WINDOWS (745592d7c716549a526451d959fcfcfe)] -> xpath: //ul[@class='top-menu notmobile']//a[normalize-space()='Cell phones']]
2023-05-16 20:05:726 INFO  CellPhonePage :60 - Get Cell Phone Text : [[ChromeDriver: chrome on WINDOWS (745592d7c716549a526451d959fcfcfe)] -> xpath: //h1[normalize-space()='Cell phones']]
2023-05-16 20:05:774 INFO  CellPhonePage :68 - Click on List View Icon  : [[ChromeDriver: chrome on WINDOWS (745592d7c716549a526451d959fcfcfe)] -> xpath: //a[normalize-space()='List']]
2023-05-16 20:05:850 INFO  CellPhonePage :80 - Click on Phone option  : 
2023-05-16 20:05:687 INFO  CellPhonePage :92 - Get Product name Text  : [[ChromeDriver: chrome on WINDOWS (745592d7c716549a526451d959fcfcfe)] -> xpath: //h1[normalize-space()='Nokia Lumia 1020']]
2023-05-16 20:05:731 INFO  CellPhonePage :104 - Get Price Text  : [[ChromeDriver: chrome on WINDOWS (745592d7c716549a526451d959fcfcfe)] -> xpath: //div[@class='product-price']//span[normalize-space()='$349.00']]
2023-05-16 20:05:776 INFO  CellPhonePage :116 - Update the order qty.  : [[ChromeDriver: chrome on WINDOWS (745592d7c716549a526451d959fcfcfe)] -> xpath: //input[@id='product_enteredQuantity_20']]
2023-05-16 20:05:972 INFO  CellPhonePage :128 - Click on add to cart button  : [[ChromeDriver: chrome on WINDOWS (745592d7c716549a526451d959fcfcfe)] -> xpath: //button[@id='add-to-cart-button-20']]
2023-05-16 20:05:74 INFO  CellPhonePage :140 - Verify product added successfully in shopping cart  : [[ChromeDriver: chrome on WINDOWS (745592d7c716549a526451d959fcfcfe)] -> xpath: //div[@id='bar-notification']]
2023-05-16 20:05:121 INFO  CellPhonePage :162 - Close the notification bar  : [[ChromeDriver: chrome on WINDOWS (745592d7c716549a526451d959fcfcfe)] -> xpath: //body/div[@id='bar-notification']/div[1]/span[1]]
2023-05-16 20:05:196 INFO  ShoppingCartPage :123 - Click on shopping cart button : [[ChromeDriver: chrome on WINDOWS (745592d7c716549a526451d959fcfcfe)] -> xpath: //span[@class='cart-label']]
2023-05-16 20:05:154 INFO  ShoppingCartPage :134 - Click on got to cart button : [[ChromeDriver: chrome on WINDOWS (745592d7c716549a526451d959fcfcfe)] -> xpath: //button[normalize-space()='Go to cart']]
2023-05-16 20:05:705 INFO  ShoppingCartPage :54 - Verify shopping cart message : [[ChromeDriver: chrome on WINDOWS (745592d7c716549a526451d959fcfcfe)] -> xpath: //h1[normalize-space()='Shopping cart']]
2023-05-16 20:05:338 INFO  BuildYourOwnComputerPage :194 - Mousehover on shopping cart and click : [[ChromeDriver: chrome on WINDOWS (745592d7c716549a526451d959fcfcfe)] -> xpath: //button[normalize-space()='Go to cart']]
2023-05-16 20:05:353 INFO  ShoppingCartPage :54 - Verify shopping cart message : [[ChromeDriver: chrome on WINDOWS (745592d7c716549a526451d959fcfcfe)] -> xpath: //h1[normalize-space()='Shopping cart']]
2023-05-16 20:05:395 INFO  ShoppingCartPage :146 - Verify order qty. : [[ChromeDriver: chrome on WINDOWS (745592d7c716549a526451d959fcfcfe)] -> xpath: //button[normalize-space()='Go to cart']]
2023-05-16 20:05:472 INFO  ShoppingCartPage :66 - Verify price : [[ChromeDriver: chrome on WINDOWS (745592d7c716549a526451d959fcfcfe)] -> xpath: //span[@class='value-summary']//strong]
2023-05-16 20:05:505 INFO  ShoppingCartPage :101 - Click on terms and condition : [[ChromeDriver: chrome on WINDOWS (745592d7c716549a526451d959fcfcfe)] -> xpath: //input[@id='termsofservice']]
2023-05-16 20:05:597 INFO  ShoppingCartPage :112 - Click on checkout button : [[ChromeDriver: chrome on WINDOWS (745592d7c716549a526451d959fcfcfe)] -> xpath: //button[@id='checkout']]
2023-05-16 20:05:114 INFO  LoginPage :42 - Verify welcome message : [[ChromeDriver: chrome on WINDOWS (745592d7c716549a526451d959fcfcfe)] -> xpath: //h1[contains(text(),'Welcome, Please Sign In!')]]
2023-05-16 20:05:146 INFO  HomePage :121 - Click on register button : [[ChromeDriver: chrome on WINDOWS (745592d7c716549a526451d959fcfcfe)] -> xpath: //button[@class='button-1 register-button']]
2023-05-16 20:05:499 INFO  RegisterPage :47 - Enter First name : [[ChromeDriver: chrome on WINDOWS (745592d7c716549a526451d959fcfcfe)] -> xpath: //input[@id='FirstName']]
2023-05-16 20:05:597 INFO  RegisterPage :59 - Enter Last name : [[ChromeDriver: chrome on WINDOWS (745592d7c716549a526451d959fcfcfe)] -> xpath: //input[@id='LastName']]
2023-05-16 20:05:698 INFO  RegisterPage :71 - Enter email address : [[ChromeDriver: chrome on WINDOWS (745592d7c716549a526451d959fcfcfe)] -> xpath: //input[@id='Email']]
2023-05-16 20:05:837 INFO  RegisterPage :83 - Enter password : [[ChromeDriver: chrome on WINDOWS (745592d7c716549a526451d959fcfcfe)] -> xpath: //input[@id='Password']]
2023-05-16 20:05:941 INFO  RegisterPage :95 - Enter confirm password : [[ChromeDriver: chrome on WINDOWS (745592d7c716549a526451d959fcfcfe)] -> xpath: //input[@id='ConfirmPassword']]
2023-05-16 20:05:42 INFO  RegisterPage :106 - Click on registration button : [[ChromeDriver: chrome on WINDOWS (745592d7c716549a526451d959fcfcfe)] -> xpath: //button[@id='register-button']]
2023-05-16 20:05:688 INFO  RegisterPage :118 - Verify registration complete message : [[ChromeDriver: chrome on WINDOWS (745592d7c716549a526451d959fcfcfe)] -> xpath: //div[@class='result']]
2023-05-16 20:05:928 INFO  HomePage :49 - Click on computer menu : [[ChromeDriver: chrome on WINDOWS (f2817d2cbc32977e8c6ecd5fadc25aa8)] -> xpath: //ul[@class='top-menu notmobile']//a[normalize-space()='Computers']]
2023-05-16 20:05:627 INFO  ComputerPage :54 - Select shopping option : [[ChromeDriver: chrome on WINDOWS (f2817d2cbc32977e8c6ecd5fadc25aa8)] -> xpath: //select[@id='products-orderby']]
2023-05-16 20:05:782 INFO  ComputerPage :67 - Click on add to cart by product name : 
2023-05-16 20:05:902 INFO  BuildYourOwnComputerPage :63 - Get text Build your own computer Tex : [[ChromeDriver: chrome on WINDOWS (f2817d2cbc32977e8c6ecd5fadc25aa8)] -> xpath: //h1[normalize-space()='Build your own computer']]
2023-05-16 20:05:36 INFO  BuildYourOwnComputerPage :76 - Select processor : [[ChromeDriver: chrome on WINDOWS (f2817d2cbc32977e8c6ecd5fadc25aa8)] -> xpath: //select[@id='product_attribute_1']]
2023-05-16 20:05:171 INFO  BuildYourOwnComputerPage :88 - Select processor : [[ChromeDriver: chrome on WINDOWS (f2817d2cbc32977e8c6ecd5fadc25aa8)] -> xpath: //select[@id='product_attribute_1']]
2023-05-16 20:05:249 INFO  BuildYourOwnComputerPage :101 - Select HDD : 
2023-05-16 20:05:327 INFO  BuildYourOwnComputerPage :113 - Select Os : 
2023-05-16 20:05:444 INFO  BuildYourOwnComputerPage :124 - Select HDD : [[ChromeDriver: chrome on WINDOWS (f2817d2cbc32977e8c6ecd5fadc25aa8)] -> xpath: //input[@id='product_attribute_5_10']]
2023-05-16 20:05:524 INFO  BuildYourOwnComputerPage :135 - Select Commander Option : [[ChromeDriver: chrome on WINDOWS (f2817d2cbc32977e8c6ecd5fadc25aa8)] -> xpath: //input[@id='product_attribute_5_12']]
2023-05-16 20:05:558 INFO  BuildYourOwnComputerPage :146 - Verify total price : [[ChromeDriver: chrome on WINDOWS (f2817d2cbc32977e8c6ecd5fadc25aa8)] -> xpath: //div[@class='product-price']//span]
2023-05-16 20:05:653 INFO  BuildYourOwnComputerPage :159 - Click on add to Cart button  : [[ChromeDriver: chrome on WINDOWS (f2817d2cbc32977e8c6ecd5fadc25aa8)] -> xpath: //button[@id='add-to-cart-button-1']]
2023-05-16 20:05:672 INFO  BuildYourOwnComputerPage :170 - Get Successfully added to cart Text  : [[ChromeDriver: chrome on WINDOWS (f2817d2cbc32977e8c6ecd5fadc25aa8)] -> xpath: //div[@id='bar-notification']]
2023-05-16 20:05:749 INFO  BuildYourOwnComputerPage :182 - Close notification bar  : [[ChromeDriver: chrome on WINDOWS (f2817d2cbc32977e8c6ecd5fadc25aa8)] -> xpath: //span[@title='Close']]
2023-05-16 20:05:409 INFO  BuildYourOwnComputerPage :194 - Mousehover on shopping cart and click : [[ChromeDriver: chrome on WINDOWS (f2817d2cbc32977e8c6ecd5fadc25aa8)] -> xpath: //button[normalize-space()='Go to cart']]
2023-05-16 20:05:441 INFO  ShoppingCartPage :54 - Verify shopping cart message : [[ChromeDriver: chrome on WINDOWS (f2817d2cbc32977e8c6ecd5fadc25aa8)] -> xpath: //h1[normalize-space()='Shopping cart']]
2023-05-16 20:05:613 INFO  ShoppingCartPage :80 - Update order qty.: [[ChromeDriver: chrome on WINDOWS (f2817d2cbc32977e8c6ecd5fadc25aa8)] -> xpath: //input[contains(@id,'itemquantity')]]
2023-05-16 20:05:635 INFO  ShoppingCartPage :90 - Click on update shopping cart button : [[ChromeDriver: chrome on WINDOWS (f2817d2cbc32977e8c6ecd5fadc25aa8)] -> xpath: //button[@id='updatecart']]
2023-05-16 20:05:92 INFO  ShoppingCartPage :66 - Verify price : [[ChromeDriver: chrome on WINDOWS (f2817d2cbc32977e8c6ecd5fadc25aa8)] -> xpath: //span[@class='value-summary']//strong]
2023-05-16 20:05:132 INFO  ShoppingCartPage :101 - Click on terms and condition : [[ChromeDriver: chrome on WINDOWS (f2817d2cbc32977e8c6ecd5fadc25aa8)] -> xpath: //input[@id='termsofservice']]
2023-05-16 20:05:219 INFO  ShoppingCartPage :112 - Click on checkout button : [[ChromeDriver: chrome on WINDOWS (f2817d2cbc32977e8c6ecd5fadc25aa8)] -> xpath: //button[@id='checkout']]
2023-05-16 20:05:784 INFO  LoginPage :42 - Verify welcome message : [[ChromeDriver: chrome on WINDOWS (f2817d2cbc32977e8c6ecd5fadc25aa8)] -> xpath: //h1[contains(text(),'Welcome, Please Sign In!')]]
2023-05-16 20:05:815 INFO  LoginPage :50 - Click on guest checkout button : [[ChromeDriver: chrome on WINDOWS (f2817d2cbc32977e8c6ecd5fadc25aa8)] -> xpath: //button[normalize-space()='Checkout as Guest']]
2023-05-16 20:05:442 INFO  CheckOutPage :102 - Enter First name  : [[ChromeDriver: chrome on WINDOWS (f2817d2cbc32977e8c6ecd5fadc25aa8)] -> xpath: //input[@id='BillingNewAddress_FirstName']]
2023-05-16 20:05:530 INFO  CheckOutPage :114 - Enter last name  : [[ChromeDriver: chrome on WINDOWS (f2817d2cbc32977e8c6ecd5fadc25aa8)] -> xpath: //input[@id='BillingNewAddress_LastName']]
2023-05-16 20:05:633 INFO  CheckOutPage :126 - Enter email name  : [[ChromeDriver: chrome on WINDOWS (f2817d2cbc32977e8c6ecd5fadc25aa8)] -> xpath: //input[@id='BillingNewAddress_Email']]
2023-05-16 20:05:740 INFO  CheckOutPage :138 - Enter country name  : [[ChromeDriver: chrome on WINDOWS (f2817d2cbc32977e8c6ecd5fadc25aa8)] -> xpath: //select[@id='BillingNewAddress_CountryId']]
2023-05-16 20:05:876 INFO  CheckOutPage :150 - Enter city name  : [[ChromeDriver: chrome on WINDOWS (f2817d2cbc32977e8c6ecd5fadc25aa8)] -> xpath: //input[@id='BillingNewAddress_City']]
2023-05-16 20:05:981 INFO  CheckOutPage :162 - Enter address 1  : [[ChromeDriver: chrome on WINDOWS (f2817d2cbc32977e8c6ecd5fadc25aa8)] -> xpath: //input[@id='BillingNewAddress_Address1']]
2023-05-16 20:05:84 INFO  CheckOutPage :174 - Enter zipcode : [[ChromeDriver: chrome on WINDOWS (f2817d2cbc32977e8c6ecd5fadc25aa8)] -> xpath: //input[@id='BillingNewAddress_ZipPostalCode']]
2023-05-16 20:05:190 INFO  CheckOutPage :186 - Enter phone number : [[ChromeDriver: chrome on WINDOWS (f2817d2cbc32977e8c6ecd5fadc25aa8)] -> xpath: //input[@id='BillingNewAddress_PhoneNumber']]
2023-05-16 20:05:295 INFO  CheckOutPage :197 - Click on continue button : [[ChromeDriver: chrome on WINDOWS (f2817d2cbc32977e8c6ecd5fadc25aa8)] -> xpath: //button[@onclick='Billing.save()']]
2023-05-16 20:05:364 INFO  CheckOutPage :208 - Click next day air service : [[ChromeDriver: chrome on WINDOWS (f2817d2cbc32977e8c6ecd5fadc25aa8)] -> xpath: //input[@id='shippingoption_1']]
2023-05-16 20:05:439 INFO  CheckOutPage :219 - Click on continue button : [[ChromeDriver: chrome on WINDOWS (f2817d2cbc32977e8c6ecd5fadc25aa8)] -> xpath: //button[@class='button-1 shipping-method-next-step-button']]
2023-05-16 20:05:509 INFO  CheckOutPage :230 - Click on credit card payment option: [[ChromeDriver: chrome on WINDOWS (f2817d2cbc32977e8c6ecd5fadc25aa8)] -> xpath: //input[@id='paymentmethod_1']]
2023-05-16 20:05:583 INFO  CheckOutPage :241 - Click on continue button : [[ChromeDriver: chrome on WINDOWS (f2817d2cbc32977e8c6ecd5fadc25aa8)] -> xpath: //button[@class='button-1 payment-method-next-step-button']]
2023-05-16 20:05:655 INFO  CheckOutPage :219 - Click on continue button : [[ChromeDriver: chrome on WINDOWS (f2817d2cbc32977e8c6ecd5fadc25aa8)] -> xpath: //button[@class='button-1 shipping-method-next-step-button']]
2023-05-16 21:05:385 INFO  HomePage :104 - Select Electronics menu : [[ChromeDriver: chrome on WINDOWS (2e5b0ac4e3cdde53ae034adfb415fc54)] -> xpath: //ul[@class='top-menu notmobile']//a[normalize-space()='Electronics']]
2023-05-16 21:05:578 INFO  HomePage :113 - Select mobile phone menu : [[ChromeDriver: chrome on WINDOWS (2e5b0ac4e3cdde53ae034adfb415fc54)] -> xpath: //ul[@class='top-menu notmobile']//a[normalize-space()='Cell phones']]
2023-05-16 21:05:282 INFO  CellPhonePage :60 - Get Cell Phone Text : [[ChromeDriver: chrome on WINDOWS (2e5b0ac4e3cdde53ae034adfb415fc54)] -> xpath: //h1[normalize-space()='Cell phones']]
2023-05-16 21:05:343 INFO  CellPhonePage :68 - Click on List View Icon  : [[ChromeDriver: chrome on WINDOWS (2e5b0ac4e3cdde53ae034adfb415fc54)] -> xpath: //a[normalize-space()='List']]
2023-05-16 21:05:446 INFO  CellPhonePage :80 - Click on Phone option  : 
2023-05-16 21:05:550 INFO  CellPhonePage :92 - Get Product name Text  : [[ChromeDriver: chrome on WINDOWS (2e5b0ac4e3cdde53ae034adfb415fc54)] -> xpath: //h1[normalize-space()='Nokia Lumia 1020']]
2023-05-16 21:05:586 INFO  CellPhonePage :104 - Get Price Text  : [[ChromeDriver: chrome on WINDOWS (2e5b0ac4e3cdde53ae034adfb415fc54)] -> xpath: //div[@class='product-price']//span[normalize-space()='$349.00']]
2023-05-16 21:05:637 INFO  CellPhonePage :116 - Update the order qty.  : [[ChromeDriver: chrome on WINDOWS (2e5b0ac4e3cdde53ae034adfb415fc54)] -> xpath: //input[@id='product_enteredQuantity_20']]
2023-05-16 21:05:878 INFO  CellPhonePage :128 - Click on add to cart button  : [[ChromeDriver: chrome on WINDOWS (2e5b0ac4e3cdde53ae034adfb415fc54)] -> xpath: //button[@id='add-to-cart-button-20']]
2023-05-16 21:05:972 INFO  CellPhonePage :140 - Verify product added successfully in shopping cart  : [[ChromeDriver: chrome on WINDOWS (2e5b0ac4e3cdde53ae034adfb415fc54)] -> xpath: //div[@id='bar-notification']]
2023-05-16 21:05:09 INFO  CellPhonePage :162 - Close the notification bar  : [[ChromeDriver: chrome on WINDOWS (2e5b0ac4e3cdde53ae034adfb415fc54)] -> xpath: //body/div[@id='bar-notification']/div[1]/span[1]]
2023-05-16 21:05:83 INFO  ShoppingCartPage :123 - Click on shopping cart button : [[ChromeDriver: chrome on WINDOWS (2e5b0ac4e3cdde53ae034adfb415fc54)] -> xpath: //span[@class='cart-label']]
2023-05-16 21:05:233 INFO  ShoppingCartPage :134 - Click on got to cart button : [[ChromeDriver: chrome on WINDOWS (2e5b0ac4e3cdde53ae034adfb415fc54)] -> xpath: //button[normalize-space()='Go to cart']]
2023-05-16 21:05:785 INFO  ShoppingCartPage :54 - Verify shopping cart message : [[ChromeDriver: chrome on WINDOWS (2e5b0ac4e3cdde53ae034adfb415fc54)] -> xpath: //h1[normalize-space()='Shopping cart']]
2023-05-16 21:05:440 INFO  BuildYourOwnComputerPage :194 - Mousehover on shopping cart and click : [[ChromeDriver: chrome on WINDOWS (2e5b0ac4e3cdde53ae034adfb415fc54)] -> xpath: //button[normalize-space()='Go to cart']]
2023-05-16 21:05:475 INFO  ShoppingCartPage :54 - Verify shopping cart message : [[ChromeDriver: chrome on WINDOWS (2e5b0ac4e3cdde53ae034adfb415fc54)] -> xpath: //h1[normalize-space()='Shopping cart']]
2023-05-16 21:05:512 INFO  ShoppingCartPage :146 - Verify order qty. : [[ChromeDriver: chrome on WINDOWS (2e5b0ac4e3cdde53ae034adfb415fc54)] -> xpath: //button[normalize-space()='Go to cart']]
2023-05-16 21:05:596 INFO  ShoppingCartPage :66 - Verify price : [[ChromeDriver: chrome on WINDOWS (2e5b0ac4e3cdde53ae034adfb415fc54)] -> xpath: //span[@class='value-summary']//strong]
2023-05-16 21:05:628 INFO  ShoppingCartPage :101 - Click on terms and condition : [[ChromeDriver: chrome on WINDOWS (2e5b0ac4e3cdde53ae034adfb415fc54)] -> xpath: //input[@id='termsofservice']]
2023-05-16 21:05:715 INFO  ShoppingCartPage :112 - Click on checkout button : [[ChromeDriver: chrome on WINDOWS (2e5b0ac4e3cdde53ae034adfb415fc54)] -> xpath: //button[@id='checkout']]
2023-05-16 21:05:322 INFO  LoginPage :42 - Verify welcome message : [[ChromeDriver: chrome on WINDOWS (2e5b0ac4e3cdde53ae034adfb415fc54)] -> xpath: //h1[contains(text(),'Welcome, Please Sign In!')]]
2023-05-16 21:05:357 INFO  HomePage :121 - Click on register button : [[ChromeDriver: chrome on WINDOWS (2e5b0ac4e3cdde53ae034adfb415fc54)] -> xpath: //button[@class='button-1 register-button']]
2023-05-16 21:05:774 INFO  RegisterPage :47 - Enter First name : [[ChromeDriver: chrome on WINDOWS (2e5b0ac4e3cdde53ae034adfb415fc54)] -> xpath: //input[@id='FirstName']]
2023-05-16 21:05:889 INFO  RegisterPage :59 - Enter Last name : [[ChromeDriver: chrome on WINDOWS (2e5b0ac4e3cdde53ae034adfb415fc54)] -> xpath: //input[@id='LastName']]
2023-05-16 21:05:32 INFO  RegisterPage :71 - Enter email address : [[ChromeDriver: chrome on WINDOWS (2e5b0ac4e3cdde53ae034adfb415fc54)] -> xpath: //input[@id='Email']]
2023-05-16 21:05:197 INFO  RegisterPage :83 - Enter password : [[ChromeDriver: chrome on WINDOWS (2e5b0ac4e3cdde53ae034adfb415fc54)] -> xpath: //input[@id='Password']]
2023-05-16 21:05:304 INFO  RegisterPage :95 - Enter confirm password : [[ChromeDriver: chrome on WINDOWS (2e5b0ac4e3cdde53ae034adfb415fc54)] -> xpath: //input[@id='ConfirmPassword']]
2023-05-16 21:05:406 INFO  RegisterPage :106 - Click on registration button : [[ChromeDriver: chrome on WINDOWS (2e5b0ac4e3cdde53ae034adfb415fc54)] -> xpath: //button[@id='register-button']]
2023-05-16 21:05:77 INFO  RegisterPage :118 - Verify registration complete message : [[ChromeDriver: chrome on WINDOWS (2e5b0ac4e3cdde53ae034adfb415fc54)] -> xpath: //div[@class='result']]
2023-05-16 21:05:71 INFO  HomePage :49 - Click on computer menu : [[ChromeDriver: chrome on WINDOWS (20da1f86fbffb026a4e75828550ee062)] -> xpath: //ul[@class='top-menu notmobile']//a[normalize-space()='Computers']]
2023-05-16 21:05:213 INFO  ComputerPage :54 - Select shopping option : [[ChromeDriver: chrome on WINDOWS (20da1f86fbffb026a4e75828550ee062)] -> xpath: //select[@id='products-orderby']]
2023-05-16 21:05:365 INFO  ComputerPage :67 - Click on add to cart by product name : 
2023-05-16 21:05:523 INFO  BuildYourOwnComputerPage :63 - Get text Build your own computer Tex : [[ChromeDriver: chrome on WINDOWS (20da1f86fbffb026a4e75828550ee062)] -> xpath: //h1[normalize-space()='Build your own computer']]
2023-05-16 21:05:672 INFO  BuildYourOwnComputerPage :76 - Select processor : [[ChromeDriver: chrome on WINDOWS (20da1f86fbffb026a4e75828550ee062)] -> xpath: //select[@id='product_attribute_1']]
2023-05-16 21:05:807 INFO  BuildYourOwnComputerPage :88 - Select processor : [[ChromeDriver: chrome on WINDOWS (20da1f86fbffb026a4e75828550ee062)] -> xpath: //select[@id='product_attribute_1']]
2023-05-16 21:05:884 INFO  BuildYourOwnComputerPage :101 - Select HDD : 
2023-05-16 21:05:966 INFO  BuildYourOwnComputerPage :113 - Select Os : 
2023-05-16 21:05:128 INFO  BuildYourOwnComputerPage :124 - Select HDD : [[ChromeDriver: chrome on WINDOWS (20da1f86fbffb026a4e75828550ee062)] -> xpath: //input[@id='product_attribute_5_10']]
2023-05-16 21:05:218 INFO  BuildYourOwnComputerPage :135 - Select Commander Option : [[ChromeDriver: chrome on WINDOWS (20da1f86fbffb026a4e75828550ee062)] -> xpath: //input[@id='product_attribute_5_12']]
2023-05-16 21:05:242 INFO  BuildYourOwnComputerPage :146 - Verify total price : [[ChromeDriver: chrome on WINDOWS (20da1f86fbffb026a4e75828550ee062)] -> xpath: //div[@class='product-price']//span]
2023-05-16 21:05:331 INFO  BuildYourOwnComputerPage :159 - Click on add to Cart button  : [[ChromeDriver: chrome on WINDOWS (20da1f86fbffb026a4e75828550ee062)] -> xpath: //button[@id='add-to-cart-button-1']]
2023-05-16 21:05:358 INFO  BuildYourOwnComputerPage :170 - Get Successfully added to cart Text  : [[ChromeDriver: chrome on WINDOWS (20da1f86fbffb026a4e75828550ee062)] -> xpath: //div[@id='bar-notification']]
2023-05-16 21:05:449 INFO  BuildYourOwnComputerPage :182 - Close notification bar  : [[ChromeDriver: chrome on WINDOWS (20da1f86fbffb026a4e75828550ee062)] -> xpath: //span[@title='Close']]
2023-05-16 21:05:148 INFO  BuildYourOwnComputerPage :194 - Mousehover on shopping cart and click : [[ChromeDriver: chrome on WINDOWS (20da1f86fbffb026a4e75828550ee062)] -> xpath: //button[normalize-space()='Go to cart']]
2023-05-16 21:05:171 INFO  ShoppingCartPage :54 - Verify shopping cart message : [[ChromeDriver: chrome on WINDOWS (20da1f86fbffb026a4e75828550ee062)] -> xpath: //h1[normalize-space()='Shopping cart']]
2023-05-16 21:05:409 INFO  ShoppingCartPage :80 - Update order qty.: [[ChromeDriver: chrome on WINDOWS (20da1f86fbffb026a4e75828550ee062)] -> xpath: //input[contains(@id,'itemquantity')]]
2023-05-16 21:05:442 INFO  ShoppingCartPage :90 - Click on update shopping cart button : [[ChromeDriver: chrome on WINDOWS (20da1f86fbffb026a4e75828550ee062)] -> xpath: //button[@id='updatecart']]
2023-05-16 21:05:885 INFO  ShoppingCartPage :66 - Verify price : [[ChromeDriver: chrome on WINDOWS (20da1f86fbffb026a4e75828550ee062)] -> xpath: //span[@class='value-summary']//strong]
2023-05-16 21:05:927 INFO  ShoppingCartPage :101 - Click on terms and condition : [[ChromeDriver: chrome on WINDOWS (20da1f86fbffb026a4e75828550ee062)] -> xpath: //input[@id='termsofservice']]
2023-05-16 21:05:17 INFO  ShoppingCartPage :112 - Click on checkout button : [[ChromeDriver: chrome on WINDOWS (20da1f86fbffb026a4e75828550ee062)] -> xpath: //button[@id='checkout']]
2023-05-16 21:05:581 INFO  LoginPage :42 - Verify welcome message : [[ChromeDriver: chrome on WINDOWS (20da1f86fbffb026a4e75828550ee062)] -> xpath: //h1[contains(text(),'Welcome, Please Sign In!')]]
2023-05-16 21:05:617 INFO  LoginPage :50 - Click on guest checkout button : [[ChromeDriver: chrome on WINDOWS (20da1f86fbffb026a4e75828550ee062)] -> xpath: //button[normalize-space()='Checkout as Guest']]
2023-05-16 21:05:353 INFO  CheckOutPage :102 - Enter First name  : [[ChromeDriver: chrome on WINDOWS (20da1f86fbffb026a4e75828550ee062)] -> xpath: //input[@id='BillingNewAddress_FirstName']]
2023-05-16 21:05:459 INFO  CheckOutPage :114 - Enter last name  : [[ChromeDriver: chrome on WINDOWS (20da1f86fbffb026a4e75828550ee062)] -> xpath: //input[@id='BillingNewAddress_LastName']]
2023-05-16 21:05:564 INFO  CheckOutPage :126 - Enter email name  : [[ChromeDriver: chrome on WINDOWS (20da1f86fbffb026a4e75828550ee062)] -> xpath: //input[@id='BillingNewAddress_Email']]
2023-05-16 21:05:699 INFO  CheckOutPage :138 - Enter country name  : [[ChromeDriver: chrome on WINDOWS (20da1f86fbffb026a4e75828550ee062)] -> xpath: //select[@id='BillingNewAddress_CountryId']]
2023-05-16 21:05:818 INFO  CheckOutPage :150 - Enter city name  : [[ChromeDriver: chrome on WINDOWS (20da1f86fbffb026a4e75828550ee062)] -> xpath: //input[@id='BillingNewAddress_City']]
2023-05-16 21:05:931 INFO  CheckOutPage :162 - Enter address 1  : [[ChromeDriver: chrome on WINDOWS (20da1f86fbffb026a4e75828550ee062)] -> xpath: //input[@id='BillingNewAddress_Address1']]
2023-05-16 21:05:89 INFO  CheckOutPage :174 - Enter zipcode : [[ChromeDriver: chrome on WINDOWS (20da1f86fbffb026a4e75828550ee062)] -> xpath: //input[@id='BillingNewAddress_ZipPostalCode']]
2023-05-16 21:05:195 INFO  CheckOutPage :186 - Enter phone number : [[ChromeDriver: chrome on WINDOWS (20da1f86fbffb026a4e75828550ee062)] -> xpath: //input[@id='BillingNewAddress_PhoneNumber']]
2023-05-16 21:05:302 INFO  CheckOutPage :197 - Click on continue button : [[ChromeDriver: chrome on WINDOWS (20da1f86fbffb026a4e75828550ee062)] -> xpath: //button[@onclick='Billing.save()']]
2023-05-16 21:05:376 INFO  CheckOutPage :208 - Click next day air service : [[ChromeDriver: chrome on WINDOWS (20da1f86fbffb026a4e75828550ee062)] -> xpath: //input[@id='shippingoption_1']]
2023-05-16 21:05:467 INFO  CheckOutPage :219 - Click on continue button : [[ChromeDriver: chrome on WINDOWS (20da1f86fbffb026a4e75828550ee062)] -> xpath: //button[@class='button-1 shipping-method-next-step-button']]
2023-05-16 21:05:545 INFO  CheckOutPage :230 - Click on credit card payment option: [[ChromeDriver: chrome on WINDOWS (20da1f86fbffb026a4e75828550ee062)] -> xpath: //input[@id='paymentmethod_1']]
2023-05-16 21:05:621 INFO  CheckOutPage :241 - Click on continue button : [[ChromeDriver: chrome on WINDOWS (20da1f86fbffb026a4e75828550ee062)] -> xpath: //button[@class='button-1 payment-method-next-step-button']]
2023-05-16 21:05:693 INFO  CheckOutPage :219 - Click on continue button : [[ChromeDriver: chrome on WINDOWS (20da1f86fbffb026a4e75828550ee062)] -> xpath: //button[@class='button-1 shipping-method-next-step-button']]
2023-05-16 21:05:832 INFO  HomePage :104 - Select Electronics menu : [[ChromeDriver: chrome on WINDOWS (52d9c8cbd4cb2269aff87596c69fc63c)] -> xpath: //ul[@class='top-menu notmobile']//a[normalize-space()='Electronics']]
2023-05-16 21:05:12 INFO  HomePage :113 - Select mobile phone menu : [[ChromeDriver: chrome on WINDOWS (52d9c8cbd4cb2269aff87596c69fc63c)] -> xpath: //ul[@class='top-menu notmobile']//a[normalize-space()='Cell phones']]
2023-05-16 21:05:150 INFO  CellPhonePage :60 - Get Cell Phone Text : [[ChromeDriver: chrome on WINDOWS (52d9c8cbd4cb2269aff87596c69fc63c)] -> xpath: //h1[normalize-space()='Cell phones']]
2023-05-16 21:05:192 INFO  CellPhonePage :68 - Click on List View Icon  : [[ChromeDriver: chrome on WINDOWS (52d9c8cbd4cb2269aff87596c69fc63c)] -> xpath: //a[normalize-space()='List']]
2023-05-16 21:05:294 INFO  CellPhonePage :80 - Click on Phone option  : 
2023-05-16 21:05:209 INFO  CellPhonePage :92 - Get Product name Text  : [[ChromeDriver: chrome on WINDOWS (52d9c8cbd4cb2269aff87596c69fc63c)] -> xpath: //h1[normalize-space()='Nokia Lumia 1020']]
2023-05-16 21:05:259 INFO  CellPhonePage :104 - Get Price Text  : [[ChromeDriver: chrome on WINDOWS (52d9c8cbd4cb2269aff87596c69fc63c)] -> xpath: //div[@class='product-price']//span[normalize-space()='$349.00']]
2023-05-16 21:05:298 INFO  CellPhonePage :116 - Update the order qty.  : [[ChromeDriver: chrome on WINDOWS (52d9c8cbd4cb2269aff87596c69fc63c)] -> xpath: //input[@id='product_enteredQuantity_20']]
2023-05-16 21:05:526 INFO  CellPhonePage :128 - Click on add to cart button  : [[ChromeDriver: chrome on WINDOWS (52d9c8cbd4cb2269aff87596c69fc63c)] -> xpath: //button[@id='add-to-cart-button-20']]
2023-05-16 21:05:625 INFO  CellPhonePage :140 - Verify product added successfully in shopping cart  : [[ChromeDriver: chrome on WINDOWS (52d9c8cbd4cb2269aff87596c69fc63c)] -> xpath: //div[@id='bar-notification']]
2023-05-16 21:05:665 INFO  CellPhonePage :162 - Close the notification bar  : [[ChromeDriver: chrome on WINDOWS (52d9c8cbd4cb2269aff87596c69fc63c)] -> xpath: //body/div[@id='bar-notification']/div[1]/span[1]]
2023-05-16 21:05:737 INFO  ShoppingCartPage :123 - Click on shopping cart button : [[ChromeDriver: chrome on WINDOWS (52d9c8cbd4cb2269aff87596c69fc63c)] -> xpath: //span[@class='cart-label']]
2023-05-16 21:05:887 INFO  ShoppingCartPage :134 - Click on got to cart button : [[ChromeDriver: chrome on WINDOWS (52d9c8cbd4cb2269aff87596c69fc63c)] -> xpath: //button[normalize-space()='Go to cart']]
2023-05-16 21:05:489 INFO  ShoppingCartPage :54 - Verify shopping cart message : [[ChromeDriver: chrome on WINDOWS (52d9c8cbd4cb2269aff87596c69fc63c)] -> xpath: //h1[normalize-space()='Shopping cart']]
2023-05-16 21:05:197 INFO  BuildYourOwnComputerPage :194 - Mousehover on shopping cart and click : [[ChromeDriver: chrome on WINDOWS (52d9c8cbd4cb2269aff87596c69fc63c)] -> xpath: //button[normalize-space()='Go to cart']]
2023-05-16 21:05:224 INFO  ShoppingCartPage :54 - Verify shopping cart message : [[ChromeDriver: chrome on WINDOWS (52d9c8cbd4cb2269aff87596c69fc63c)] -> xpath: //h1[normalize-space()='Shopping cart']]
2023-05-16 21:05:262 INFO  ShoppingCartPage :146 - Verify order qty. : [[ChromeDriver: chrome on WINDOWS (52d9c8cbd4cb2269aff87596c69fc63c)] -> xpath: //button[normalize-space()='Go to cart']]
2023-05-16 21:05:324 INFO  ShoppingCartPage :66 - Verify price : [[ChromeDriver: chrome on WINDOWS (52d9c8cbd4cb2269aff87596c69fc63c)] -> xpath: //span[@class='value-summary']//strong]
2023-05-16 21:05:359 INFO  ShoppingCartPage :101 - Click on terms and condition : [[ChromeDriver: chrome on WINDOWS (52d9c8cbd4cb2269aff87596c69fc63c)] -> xpath: //input[@id='termsofservice']]
2023-05-16 21:05:449 INFO  ShoppingCartPage :112 - Click on checkout button : [[ChromeDriver: chrome on WINDOWS (52d9c8cbd4cb2269aff87596c69fc63c)] -> xpath: //button[@id='checkout']]
2023-05-16 21:05:18 INFO  LoginPage :42 - Verify welcome message : [[ChromeDriver: chrome on WINDOWS (52d9c8cbd4cb2269aff87596c69fc63c)] -> xpath: //h1[contains(text(),'Welcome, Please Sign In!')]]
2023-05-16 21:05:56 INFO  HomePage :121 - Click on register button : [[ChromeDriver: chrome on WINDOWS (52d9c8cbd4cb2269aff87596c69fc63c)] -> xpath: //button[@class='button-1 register-button']]
2023-05-16 21:05:441 INFO  RegisterPage :47 - Enter First name : [[ChromeDriver: chrome on WINDOWS (52d9c8cbd4cb2269aff87596c69fc63c)] -> xpath: //input[@id='FirstName']]
2023-05-16 21:05:548 INFO  RegisterPage :59 - Enter Last name : [[ChromeDriver: chrome on WINDOWS (52d9c8cbd4cb2269aff87596c69fc63c)] -> xpath: //input[@id='LastName']]
2023-05-16 21:05:679 INFO  RegisterPage :71 - Enter email address : [[ChromeDriver: chrome on WINDOWS (52d9c8cbd4cb2269aff87596c69fc63c)] -> xpath: //input[@id='Email']]
2023-05-16 21:05:826 INFO  RegisterPage :83 - Enter password : [[ChromeDriver: chrome on WINDOWS (52d9c8cbd4cb2269aff87596c69fc63c)] -> xpath: //input[@id='Password']]
2023-05-16 21:05:930 INFO  RegisterPage :95 - Enter confirm password : [[ChromeDriver: chrome on WINDOWS (52d9c8cbd4cb2269aff87596c69fc63c)] -> xpath: //input[@id='ConfirmPassword']]
2023-05-16 21:05:37 INFO  RegisterPage :106 - Click on registration button : [[ChromeDriver: chrome on WINDOWS (52d9c8cbd4cb2269aff87596c69fc63c)] -> xpath: //button[@id='register-button']]
2023-05-16 21:05:650 INFO  RegisterPage :118 - Verify registration complete message : [[ChromeDriver: chrome on WINDOWS (52d9c8cbd4cb2269aff87596c69fc63c)] -> xpath: //div[@class='result']]
2023-05-16 21:05:736 INFO  HomePage :49 - Click on computer menu : [[ChromeDriver: chrome on WINDOWS (595f715cca66ed2c543571a09ff0e551)] -> xpath: //ul[@class='top-menu notmobile']//a[normalize-space()='Computers']]
2023-05-16 21:05:253 INFO  ComputerPage :54 - Select shopping option : [[ChromeDriver: chrome on WINDOWS (595f715cca66ed2c543571a09ff0e551)] -> xpath: //select[@id='products-orderby']]
2023-05-16 21:05:403 INFO  ComputerPage :67 - Click on add to cart by product name : 
2023-05-16 21:05:503 INFO  BuildYourOwnComputerPage :63 - Get text Build your own computer Tex : [[ChromeDriver: chrome on WINDOWS (595f715cca66ed2c543571a09ff0e551)] -> xpath: //h1[normalize-space()='Build your own computer']]
2023-05-16 21:05:640 INFO  BuildYourOwnComputerPage :76 - Select processor : [[ChromeDriver: chrome on WINDOWS (595f715cca66ed2c543571a09ff0e551)] -> xpath: //select[@id='product_attribute_1']]
2023-05-16 21:05:782 INFO  BuildYourOwnComputerPage :88 - Select processor : [[ChromeDriver: chrome on WINDOWS (595f715cca66ed2c543571a09ff0e551)] -> xpath: //select[@id='product_attribute_1']]
2023-05-16 21:05:851 INFO  BuildYourOwnComputerPage :101 - Select HDD : 
2023-05-16 21:05:920 INFO  BuildYourOwnComputerPage :113 - Select Os : 
2023-05-16 21:05:88 INFO  BuildYourOwnComputerPage :124 - Select HDD : [[ChromeDriver: chrome on WINDOWS (595f715cca66ed2c543571a09ff0e551)] -> xpath: //input[@id='product_attribute_5_10']]
2023-05-16 21:05:173 INFO  BuildYourOwnComputerPage :135 - Select Commander Option : [[ChromeDriver: chrome on WINDOWS (595f715cca66ed2c543571a09ff0e551)] -> xpath: //input[@id='product_attribute_5_12']]
2023-05-16 21:05:205 INFO  BuildYourOwnComputerPage :146 - Verify total price : [[ChromeDriver: chrome on WINDOWS (595f715cca66ed2c543571a09ff0e551)] -> xpath: //div[@class='product-price']//span]
2023-05-16 21:05:298 INFO  BuildYourOwnComputerPage :159 - Click on add to Cart button  : [[ChromeDriver: chrome on WINDOWS (595f715cca66ed2c543571a09ff0e551)] -> xpath: //button[@id='add-to-cart-button-1']]
2023-05-16 21:05:322 INFO  BuildYourOwnComputerPage :170 - Get Successfully added to cart Text  : [[ChromeDriver: chrome on WINDOWS (595f715cca66ed2c543571a09ff0e551)] -> xpath: //div[@id='bar-notification']]
2023-05-16 21:05:412 INFO  BuildYourOwnComputerPage :182 - Close notification bar  : [[ChromeDriver: chrome on WINDOWS (595f715cca66ed2c543571a09ff0e551)] -> xpath: //span[@title='Close']]
2023-05-16 21:05:126 INFO  BuildYourOwnComputerPage :194 - Mousehover on shopping cart and click : [[ChromeDriver: chrome on WINDOWS (595f715cca66ed2c543571a09ff0e551)] -> xpath: //button[normalize-space()='Go to cart']]
2023-05-16 21:05:151 INFO  ShoppingCartPage :54 - Verify shopping cart message : [[ChromeDriver: chrome on WINDOWS (595f715cca66ed2c543571a09ff0e551)] -> xpath: //h1[normalize-space()='Shopping cart']]
2023-05-16 21:05:375 INFO  ShoppingCartPage :80 - Update order qty.: [[ChromeDriver: chrome on WINDOWS (595f715cca66ed2c543571a09ff0e551)] -> xpath: //input[contains(@id,'itemquantity')]]
2023-05-16 21:05:405 INFO  ShoppingCartPage :90 - Click on update shopping cart button : [[ChromeDriver: chrome on WINDOWS (595f715cca66ed2c543571a09ff0e551)] -> xpath: //button[@id='updatecart']]
2023-05-16 21:05:853 INFO  ShoppingCartPage :66 - Verify price : [[ChromeDriver: chrome on WINDOWS (595f715cca66ed2c543571a09ff0e551)] -> xpath: //span[@class='value-summary']//strong]
2023-05-16 21:05:894 INFO  ShoppingCartPage :101 - Click on terms and condition : [[ChromeDriver: chrome on WINDOWS (595f715cca66ed2c543571a09ff0e551)] -> xpath: //input[@id='termsofservice']]
2023-05-16 21:05:967 INFO  ShoppingCartPage :112 - Click on checkout button : [[ChromeDriver: chrome on WINDOWS (595f715cca66ed2c543571a09ff0e551)] -> xpath: //button[@id='checkout']]
2023-05-16 21:05:542 INFO  LoginPage :42 - Verify welcome message : [[ChromeDriver: chrome on WINDOWS (595f715cca66ed2c543571a09ff0e551)] -> xpath: //h1[contains(text(),'Welcome, Please Sign In!')]]
2023-05-16 21:05:584 INFO  LoginPage :50 - Click on guest checkout button : [[ChromeDriver: chrome on WINDOWS (595f715cca66ed2c543571a09ff0e551)] -> xpath: //button[normalize-space()='Checkout as Guest']]
2023-05-16 21:05:335 INFO  CheckOutPage :102 - Enter First name  : [[ChromeDriver: chrome on WINDOWS (595f715cca66ed2c543571a09ff0e551)] -> xpath: //input[@id='BillingNewAddress_FirstName']]
2023-05-16 21:05:435 INFO  CheckOutPage :114 - Enter last name  : [[ChromeDriver: chrome on WINDOWS (595f715cca66ed2c543571a09ff0e551)] -> xpath: //input[@id='BillingNewAddress_LastName']]
2023-05-16 21:05:570 INFO  CheckOutPage :126 - Enter email name  : [[ChromeDriver: chrome on WINDOWS (595f715cca66ed2c543571a09ff0e551)] -> xpath: //input[@id='BillingNewAddress_Email']]
2023-05-16 21:05:714 INFO  CheckOutPage :138 - Enter country name  : [[ChromeDriver: chrome on WINDOWS (595f715cca66ed2c543571a09ff0e551)] -> xpath: //select[@id='BillingNewAddress_CountryId']]
2023-05-16 21:05:838 INFO  CheckOutPage :150 - Enter city name  : [[ChromeDriver: chrome on WINDOWS (595f715cca66ed2c543571a09ff0e551)] -> xpath: //input[@id='BillingNewAddress_City']]
2023-05-16 21:05:941 INFO  CheckOutPage :162 - Enter address 1  : [[ChromeDriver: chrome on WINDOWS (595f715cca66ed2c543571a09ff0e551)] -> xpath: //input[@id='BillingNewAddress_Address1']]
2023-05-16 21:05:64 INFO  CheckOutPage :174 - Enter zipcode : [[ChromeDriver: chrome on WINDOWS (595f715cca66ed2c543571a09ff0e551)] -> xpath: //input[@id='BillingNewAddress_ZipPostalCode']]
2023-05-16 21:05:186 INFO  CheckOutPage :186 - Enter phone number : [[ChromeDriver: chrome on WINDOWS (595f715cca66ed2c543571a09ff0e551)] -> xpath: //input[@id='BillingNewAddress_PhoneNumber']]
2023-05-16 21:05:301 INFO  CheckOutPage :197 - Click on continue button : [[ChromeDriver: chrome on WINDOWS (595f715cca66ed2c543571a09ff0e551)] -> xpath: //button[@onclick='Billing.save()']]
2023-05-16 21:05:390 INFO  CheckOutPage :208 - Click next day air service : [[ChromeDriver: chrome on WINDOWS (595f715cca66ed2c543571a09ff0e551)] -> xpath: //input[@id='shippingoption_1']]
2023-05-16 21:05:479 INFO  CheckOutPage :219 - Click on continue button : [[ChromeDriver: chrome on WINDOWS (595f715cca66ed2c543571a09ff0e551)] -> xpath: //button[@class='button-1 shipping-method-next-step-button']]
2023-05-16 21:05:541 INFO  CheckOutPage :230 - Click on credit card payment option: [[ChromeDriver: chrome on WINDOWS (595f715cca66ed2c543571a09ff0e551)] -> xpath: //input[@id='paymentmethod_1']]
2023-05-16 21:05:615 INFO  CheckOutPage :241 - Click on continue button : [[ChromeDriver: chrome on WINDOWS (595f715cca66ed2c543571a09ff0e551)] -> xpath: //button[@class='button-1 payment-method-next-step-button']]
2023-05-16 21:05:685 INFO  CheckOutPage :219 - Click on continue button : [[ChromeDriver: chrome on WINDOWS (595f715cca66ed2c543571a09ff0e551)] -> xpath: //button[@class='button-1 shipping-method-next-step-button']]
2023-05-16 21:05:709 INFO  HomePage :104 - Select Electronics menu : [[ChromeDriver: chrome on WINDOWS (7b5a885a71a09007df71ea7e2e52a857)] -> xpath: //ul[@class='top-menu notmobile']//a[normalize-space()='Electronics']]
2023-05-16 21:05:906 INFO  HomePage :113 - Select mobile phone menu : [[ChromeDriver: chrome on WINDOWS (7b5a885a71a09007df71ea7e2e52a857)] -> xpath: //ul[@class='top-menu notmobile']//a[normalize-space()='Cell phones']]
2023-05-16 21:05:997 INFO  CellPhonePage :60 - Get Cell Phone Text : [[ChromeDriver: chrome on WINDOWS (7b5a885a71a09007df71ea7e2e52a857)] -> xpath: //h1[normalize-space()='Cell phones']]
2023-05-16 21:05:37 INFO  CellPhonePage :68 - Click on List View Icon  : [[ChromeDriver: chrome on WINDOWS (7b5a885a71a09007df71ea7e2e52a857)] -> xpath: //a[normalize-space()='List']]
2023-05-16 21:05:136 INFO  CellPhonePage :80 - Click on Phone option  : 
2023-05-16 21:05:13 INFO  CellPhonePage :92 - Get Product name Text  : [[ChromeDriver: chrome on WINDOWS (7b5a885a71a09007df71ea7e2e52a857)] -> xpath: //h1[normalize-space()='Nokia Lumia 1020']]
2023-05-16 21:05:60 INFO  CellPhonePage :104 - Get Price Text  : [[ChromeDriver: chrome on WINDOWS (7b5a885a71a09007df71ea7e2e52a857)] -> xpath: //div[@class='product-price']//span[normalize-space()='$349.00']]
2023-05-16 21:05:107 INFO  CellPhonePage :116 - Update the order qty.  : [[ChromeDriver: chrome on WINDOWS (7b5a885a71a09007df71ea7e2e52a857)] -> xpath: //input[@id='product_enteredQuantity_20']]
2023-05-16 21:05:505 INFO  CellPhonePage :128 - Click on add to cart button  : [[ChromeDriver: chrome on WINDOWS (7b5a885a71a09007df71ea7e2e52a857)] -> xpath: //button[@id='add-to-cart-button-20']]
2023-05-16 21:05:628 INFO  CellPhonePage :140 - Verify product added successfully in shopping cart  : [[ChromeDriver: chrome on WINDOWS (7b5a885a71a09007df71ea7e2e52a857)] -> xpath: //div[@id='bar-notification']]
2023-05-16 21:05:681 INFO  CellPhonePage :162 - Close the notification bar  : [[ChromeDriver: chrome on WINDOWS (7b5a885a71a09007df71ea7e2e52a857)] -> xpath: //body/div[@id='bar-notification']/div[1]/span[1]]
2023-05-16 21:05:786 INFO  ShoppingCartPage :123 - Click on shopping cart button : [[ChromeDriver: chrome on WINDOWS (7b5a885a71a09007df71ea7e2e52a857)] -> xpath: //span[@class='cart-label']]
2023-05-16 21:05:955 INFO  ShoppingCartPage :134 - Click on got to cart button : [[ChromeDriver: chrome on WINDOWS (7b5a885a71a09007df71ea7e2e52a857)] -> xpath: //button[normalize-space()='Go to cart']]
2023-05-16 21:05:521 INFO  ShoppingCartPage :54 - Verify shopping cart message : [[ChromeDriver: chrome on WINDOWS (7b5a885a71a09007df71ea7e2e52a857)] -> xpath: //h1[normalize-space()='Shopping cart']]
2023-05-16 21:05:209 INFO  BuildYourOwnComputerPage :194 - Mousehover on shopping cart and click : [[ChromeDriver: chrome on WINDOWS (7b5a885a71a09007df71ea7e2e52a857)] -> xpath: //button[normalize-space()='Go to cart']]
2023-05-16 21:05:244 INFO  ShoppingCartPage :54 - Verify shopping cart message : [[ChromeDriver: chrome on WINDOWS (7b5a885a71a09007df71ea7e2e52a857)] -> xpath: //h1[normalize-space()='Shopping cart']]
2023-05-16 21:05:285 INFO  ShoppingCartPage :146 - Verify order qty. : [[ChromeDriver: chrome on WINDOWS (7b5a885a71a09007df71ea7e2e52a857)] -> xpath: //button[normalize-space()='Go to cart']]
2023-05-16 21:05:372 INFO  ShoppingCartPage :66 - Verify price : [[ChromeDriver: chrome on WINDOWS (7b5a885a71a09007df71ea7e2e52a857)] -> xpath: //span[@class='value-summary']//strong]
2023-05-16 21:05:413 INFO  ShoppingCartPage :101 - Click on terms and condition : [[ChromeDriver: chrome on WINDOWS (7b5a885a71a09007df71ea7e2e52a857)] -> xpath: //input[@id='termsofservice']]
2023-05-16 21:05:491 INFO  ShoppingCartPage :112 - Click on checkout button : [[ChromeDriver: chrome on WINDOWS (7b5a885a71a09007df71ea7e2e52a857)] -> xpath: //button[@id='checkout']]
2023-05-16 21:05:59 INFO  LoginPage :42 - Verify welcome message : [[ChromeDriver: chrome on WINDOWS (7b5a885a71a09007df71ea7e2e52a857)] -> xpath: //h1[contains(text(),'Welcome, Please Sign In!')]]
2023-05-16 21:05:97 INFO  HomePage :121 - Click on register button : [[ChromeDriver: chrome on WINDOWS (7b5a885a71a09007df71ea7e2e52a857)] -> xpath: //button[@class='button-1 register-button']]
2023-05-16 21:05:529 INFO  RegisterPage :47 - Enter First name : [[ChromeDriver: chrome on WINDOWS (7b5a885a71a09007df71ea7e2e52a857)] -> xpath: //input[@id='FirstName']]
2023-05-16 21:05:621 INFO  RegisterPage :59 - Enter Last name : [[ChromeDriver: chrome on WINDOWS (7b5a885a71a09007df71ea7e2e52a857)] -> xpath: //input[@id='LastName']]
2023-05-16 21:05:751 INFO  RegisterPage :71 - Enter email address : [[ChromeDriver: chrome on WINDOWS (7b5a885a71a09007df71ea7e2e52a857)] -> xpath: //input[@id='Email']]
2023-05-16 21:05:887 INFO  RegisterPage :83 - Enter password : [[ChromeDriver: chrome on WINDOWS (7b5a885a71a09007df71ea7e2e52a857)] -> xpath: //input[@id='Password']]
2023-05-16 21:05:994 INFO  RegisterPage :95 - Enter confirm password : [[ChromeDriver: chrome on WINDOWS (7b5a885a71a09007df71ea7e2e52a857)] -> xpath: //input[@id='ConfirmPassword']]
2023-05-16 21:05:102 INFO  RegisterPage :106 - Click on registration button : [[ChromeDriver: chrome on WINDOWS (7b5a885a71a09007df71ea7e2e52a857)] -> xpath: //button[@id='register-button']]
2023-05-16 21:05:721 INFO  RegisterPage :118 - Verify registration complete message : [[ChromeDriver: chrome on WINDOWS (7b5a885a71a09007df71ea7e2e52a857)] -> xpath: //div[@class='result']]
2023-05-16 21:05:988 INFO  HomePage :49 - Click on computer menu : [[ChromeDriver: chrome on WINDOWS (ef4603a667c01c249996c962b653c4ae)] -> xpath: //ul[@class='top-menu notmobile']//a[normalize-space()='Computers']]
2023-05-16 21:05:112 INFO  ComputerPage :54 - Select shopping option : [[ChromeDriver: chrome on WINDOWS (ef4603a667c01c249996c962b653c4ae)] -> xpath: //select[@id='products-orderby']]
2023-05-16 21:05:265 INFO  ComputerPage :67 - Click on add to cart by product name : 
2023-05-16 21:05:419 INFO  BuildYourOwnComputerPage :63 - Get text Build your own computer Tex : Proxy element for: DefaultElementLocator 'By.xpath: //h1[normalize-space()='Build your own computer']'
